Build started 05/07/2012 14:20:17.
     1>Project "C:\Users\Modesto\Documents\FACES\ENCARA2-SourceForge\v2.11\msw\ENCARA2_2libDemo_console\ENCARA2_2libDemo_console.vcxproj" on node 2 (build target(s)).
     1>InitializeBuildStatus:
         Touching "x64\Release\ENCARA2_2libDemo_console.unsuccessfulbuild".
       ClCompile:
         All outputs are up-to-date.
       Link:
         C:\Program Files (x86)\Microsoft Visual Studio 10.0\VC\bin\x86_amd64\link.exe /ERRORREPORT:PROMPT /OUT:"C:\Users\Modesto\Documents\FACES\ENCARA2-SourceForge\v2.11\msw\ENCARA2_2libDemo_console\x64\Release\ENCARA2_2libDemo_console.exe" /INCREMENTAL:NO /NOLOGO /LIBPATH:C:\OpenCV2.4\lib\Release /LIBPATH:"C:\Users\Modesto\Documents\FACES\ENCARA2-SourceForge\v2.11\msw\lib" opencv_highgui242.lib ENCARA2.2.lib opencv_core242.lib opencv_imgproc242.lib opencv_objdetect242.lib opencv_legacy242.lib opencv_flann242.lib opencv_contrib242.lib opencv_features2d242.lib opencv_calib3d242.lib opencv_video242.lib TrackingLib.lib kernel32.lib user32.lib gdi32.lib winspool.lib comdlg32.lib advapi32.lib shell32.lib ole32.lib oleaut32.lib uuid.lib odbc32.lib odbccp32.lib kernel32.lib user32.lib gdi32.lib winspool.lib comdlg32.lib advapi32.lib shell32.lib ole32.lib oleaut32.lib uuid.lib odbc32.lib odbccp32.lib /NODEFAULTLIB:libc.lib /NODEFAULTLIB:libcd.lib /MANIFEST /ManifestFile:"x64\Release\ENCARA2_2libDemo_console.exe.intermediate.manifest" /MANIFESTUAC:"level='asInvoker' uiAccess='false'" /DEBUG /PDB:"C:\Users\Modesto\Documents\FACES\ENCARA2-SourceForge\v2.11\msw\ENCARA2_2libDemo_console\x64\Release\ENCARA2_2libDemo_console.pdb" /SUBSYSTEM:CONSOLE /OPT:REF /OPT:ICF /LTCG /TLBID:1 /DYNAMICBASE /NXCOMPAT /IMPLIB:"C:\Users\Modesto\Documents\FACES\ENCARA2-SourceForge\v2.11\msw\ENCARA2_2libDemo_console\x64\Release\ENCARA2_2libDemo_console.lib" /MACHINE:X64 x64\Release\ENCARA2_2libDemo_console.obj
         x64\Release\stdafx.obj
     1>LINK : warning LNK4098: defaultlib 'LIBCMT' conflicts with use of other libs; use /NODEFAULTLIB:library
     1>ENCARA2_2libDemo_console.obj : error LNK2001: unresolved external symbol "public: __cdecl COpenTracking::~COpenTracking(void)" (??1COpenTracking@@QEAA@XZ)
     1>ENCARA2.2.lib(ENCARA2_2lib.obj) : error LNK2001: unresolved external symbol "public: __cdecl COpenTracking::~COpenTracking(void)" (??1COpenTracking@@QEAA@XZ)
     1>ENCARA2.2.lib(ENCARA2_2lib.obj) : error LNK2001: unresolved external symbol "public: void __cdecl COpenTracking::SetPattern(struct _IplImage *,int,int)" (?SetPattern@COpenTracking@@QEAAXPEAU_IplImage@@HH@Z)
     1>ENCARA2.2.lib(ENCARA2_2lib.obj) : error LNK2001: unresolved external symbol "public: __cdecl COpenTracking::COpenTracking(struct _IplImage *,int,int,int,int,int,int)" (??0COpenTracking@@QEAA@PEAU_IplImage@@HHHHHH@Z)
     1>ENCARA2.2.lib(ENCARA2_2lib.obj) : error LNK2001: unresolved external symbol "public: void __cdecl COpenTracking::Track(struct _IplImage *)" (?Track@COpenTracking@@QEAAXPEAU_IplImage@@@Z)
     1>ENCARA2.2.lib(ENCARA2_2lib.obj) : error LNK2001: unresolved external symbol "public: void __cdecl COpenTracking::GetSearchArea(int *,int *,int *,int *)" (?GetSearchArea@COpenTracking@@QEAAXPEAH000@Z)
     1>C:\Users\Modesto\Documents\FACES\ENCARA2-SourceForge\v2.11\msw\ENCARA2_2libDemo_console\x64\Release\ENCARA2_2libDemo_console.exe : fatal error LNK1120: 5 unresolved externals
     1>Done Building Project "C:\Users\Modesto\Documents\FACES\ENCARA2-SourceForge\v2.11\msw\ENCARA2_2libDemo_console\ENCARA2_2libDemo_console.vcxproj" (build target(s)) -- FAILED.

Build FAILED.

Time Elapsed 00:00:00.36
